Not Found: /room/LIEJSR/players/
"GET /room/LIEJSR/players/ HTTP/1.1" 404 8649
Not Found: /room/LIEJSR/players/
"GET /room/LIEJSR/players/ HTTP/1.1" 404 8649
Not Found: /room/LIEJSR/players/
"GET /room/LIEJSR/players/ HTTP/1.1" 404 8649
Not Found: /room/LIEJSR/players/
"GET /room/LIEJSR/players/ HTTP/1.1" 404 8649
Not Found: /room/LIEJSR/players/
"GET /room/LIEJSR/players/ HTTP/1.1" 404 8649
Not Found: /room/LIEJSR/players/
"GET /room/LIEJSR/players/ HTTP/1.1" 404 8649
Not Found: /room/LIEJSR/kick/2/
"GET /room/LIEJSR/kick/2/ HTTP/1.1" 404 9633
Internal Server Error: /
Traceback (most recent call last):
  File "/Users/arnavshah/Documents/mafiawebsite/.venv/lib/python3.12/site-packages/django/contrib/sessions/backends/base.py", line 244, in _get_session
    return self._session_cache
           ^^^^^^^^^^^^^^^^^^^
AttributeError: 'SessionStore' object has no attribute '_session_cache'

During handling of the above exception, another exception occurred:

Traceback (most recent call last):
  File "/Users/arnavshah/Documents/mafiawebsite/.venv/lib/python3.12/site-packages/django/db/backends/utils.py", line 105, in _execute
    return self.cursor.execute(sql, params)
           ^^^^^^^^^^^^^^^^^^^^^^^^^^^^^^^^
psycopg2.errors.UndefinedTable: relation "django_session" does not exist
LINE 1: ...ession_data", "django_session"."expire_date" FROM "django_se...
                                                             ^


The above exception was the direct cause of the following exception:

Traceback (most recent call last):
  File "/Users/arnavshah/Documents/mafiawebsite/.venv/lib/python3.12/site-packages/django/core/handlers/exception.py", line 55, in inner
    response = get_response(request)
               ^^^^^^^^^^^^^^^^^^^^^
  File "/Users/arnavshah/Documents/mafiawebsite/.venv/lib/python3.12/site-packages/django/core/handlers/base.py", line 197, in _get_response
    response = wrapped_callback(request, *callback_args, **callback_kwargs)
               ^^^^^^^^^^^^^^^^^^^^^^^^^^^^^^^^^^^^^^^^^^^^^^^^^^^^^^^^^^^^
  File "/Users/arnavshah/Documents/mafiawebsite/myapp/views.py", line 25, in home
    return render(request, 'myapp/home.html')
           ^^^^^^^^^^^^^^^^^^^^^^^^^^^^^^^^^^
  File "/Users/arnavshah/Documents/mafiawebsite/.venv/lib/python3.12/site-packages/django/shortcuts.py", line 25, in render
    content = loader.render_to_string(template_name, context, request, using=using)
              ^^^^^^^^^^^^^^^^^^^^^^^^^^^^^^^^^^^^^^^^^^^^^^^^^^^^^^^^^^^^^^^^^^^^^
  File "/Users/arnavshah/Documents/mafiawebsite/.venv/lib/python3.12/site-packages/django/template/loader.py", line 62, in render_to_string
    return template.render(context, request)
           ^^^^^^^^^^^^^^^^^^^^^^^^^^^^^^^^^
  File "/Users/arnavshah/Documents/mafiawebsite/.venv/lib/python3.12/site-packages/django/template/backends/django.py", line 107, in render
    return self.template.render(context)
           ^^^^^^^^^^^^^^^^^^^^^^^^^^^^^
  File "/Users/arnavshah/Documents/mafiawebsite/.venv/lib/python3.12/site-packages/django/template/base.py", line 171, in render
    return self._render(context)
           ^^^^^^^^^^^^^^^^^^^^^
  File "/Users/arnavshah/Documents/mafiawebsite/.venv/lib/python3.12/site-packages/django/template/base.py", line 163, in _render
    return self.nodelist.render(context)
           ^^^^^^^^^^^^^^^^^^^^^^^^^^^^^
  File "/Users/arnavshah/Documents/mafiawebsite/.venv/lib/python3.12/site-packages/django/template/base.py", line 1008, in render
    return SafeString("".join([node.render_annotated(context) for node in self]))
                               ^^^^^^^^^^^^^^^^^^^^^^^^^^^^^^
  File "/Users/arnavshah/Documents/mafiawebsite/.venv/lib/python3.12/site-packages/django/template/base.py", line 969, in render_annotated
    return self.render(context)
           ^^^^^^^^^^^^^^^^^^^^
  File "/Users/arnavshah/Documents/mafiawebsite/.venv/lib/python3.12/site-packages/django/template/loader_tags.py", line 159, in render
    return compiled_parent._render(context)
           ^^^^^^^^^^^^^^^^^^^^^^^^^^^^^^^^
  File "/Users/arnavshah/Documents/mafiawebsite/.venv/lib/python3.12/site-packages/django/template/base.py", line 163, in _render
    return self.nodelist.render(context)
           ^^^^^^^^^^^^^^^^^^^^^^^^^^^^^
  File "/Users/arnavshah/Documents/mafiawebsite/.venv/lib/python3.12/site-packages/django/template/base.py", line 1008, in render
    return SafeString("".join([node.render_annotated(context) for node in self]))
                               ^^^^^^^^^^^^^^^^^^^^^^^^^^^^^^
  File "/Users/arnavshah/Documents/mafiawebsite/.venv/lib/python3.12/site-packages/django/template/base.py", line 969, in render_annotated
    return self.render(context)
           ^^^^^^^^^^^^^^^^^^^^
  File "/Users/arnavshah/Documents/mafiawebsite/.venv/lib/python3.12/site-packages/django/template/defaulttags.py", line 320, in render
    match = condition.eval(context)
            ^^^^^^^^^^^^^^^^^^^^^^^
  File "/Users/arnavshah/Documents/mafiawebsite/.venv/lib/python3.12/site-packages/django/template/defaulttags.py", line 886, in eval
    return self.value.resolve(context, ignore_failures=True)
           ^^^^^^^^^^^^^^^^^^^^^^^^^^^^^^^^^^^^^^^^^^^^^^^^^
  File "/Users/arnavshah/Documents/mafiawebsite/.venv/lib/python3.12/site-packages/django/template/base.py", line 718, in resolve
    obj = self.var.resolve(context)
          ^^^^^^^^^^^^^^^^^^^^^^^^^
  File "/Users/arnavshah/Documents/mafiawebsite/.venv/lib/python3.12/site-packages/django/template/base.py", line 850, in resolve
    value = self._resolve_lookup(context)
            ^^^^^^^^^^^^^^^^^^^^^^^^^^^^^
  File "/Users/arnavshah/Documents/mafiawebsite/.venv/lib/python3.12/site-packages/django/template/base.py", line 883, in _resolve_lookup
    current = current[bit]
              ~~~~~~~^^^^^
  File "/Users/arnavshah/Documents/mafiawebsite/.venv/lib/python3.12/site-packages/django/utils/functional.py", line 251, in inner
    self._setup()
  File "/Users/arnavshah/Documents/mafiawebsite/.venv/lib/python3.12/site-packages/django/utils/functional.py", line 404, in _setup
    self._wrapped = self._setupfunc()
                    ^^^^^^^^^^^^^^^^^
  File "/Users/arnavshah/Documents/mafiawebsite/.venv/lib/python3.12/site-packages/django/contrib/auth/middleware.py", line 37, in <lambda>
    request.user = SimpleLazyObject(lambda: get_user(request))
                                            ^^^^^^^^^^^^^^^^^
  File "/Users/arnavshah/Documents/mafiawebsite/.venv/lib/python3.12/site-packages/django/contrib/auth/middleware.py", line 17, in get_user
    request._cached_user = auth.get_user(request)
                           ^^^^^^^^^^^^^^^^^^^^^^
  File "/Users/arnavshah/Documents/mafiawebsite/.venv/lib/python3.12/site-packages/django/contrib/auth/__init__.py", line 209, in get_user
    user_id = _get_user_session_key(request)
              ^^^^^^^^^^^^^^^^^^^^^^^^^^^^^^
  File "/Users/arnavshah/Documents/mafiawebsite/.venv/lib/python3.12/site-packages/django/contrib/auth/__init__.py", line 62, in _get_user_session_key
    return get_user_model()._meta.pk.to_python(request.session[SESSION_KEY])
                                               ~~~~~~~~~~~~~~~^^^^^^^^^^^^^
  File "/Users/arnavshah/Documents/mafiawebsite/.venv/lib/python3.12/site-packages/django/contrib/sessions/backends/base.py", line 55, in __getitem__
    return self._session[key]
           ^^^^^^^^^^^^^
  File "/Users/arnavshah/Documents/mafiawebsite/.venv/lib/python3.12/site-packages/django/contrib/sessions/backends/base.py", line 249, in _get_session
    self._session_cache = self.load()
                          ^^^^^^^^^^^
  File "/Users/arnavshah/Documents/mafiawebsite/.venv/lib/python3.12/site-packages/django/contrib/sessions/backends/db.py", line 55, in load
    s = self._get_session_from_db()
        ^^^^^^^^^^^^^^^^^^^^^^^^^^^
  File "/Users/arnavshah/Documents/mafiawebsite/.venv/lib/python3.12/site-packages/django/contrib/sessions/backends/db.py", line 34, in _get_session_from_db
    return self.model.objects.get(
           ^^^^^^^^^^^^^^^^^^^^^^^
  File "/Users/arnavshah/Documents/mafiawebsite/.venv/lib/python3.12/site-packages/django/db/models/manager.py", line 87, in manager_method
    return getattr(self.get_queryset(), name)(*args, **kwargs)
           ^^^^^^^^^^^^^^^^^^^^^^^^^^^^^^^^^^^^^^^^^^^^^^^^^^^
  File "/Users/arnavshah/Documents/mafiawebsite/.venv/lib/python3.12/site-packages/django/db/models/query.py", line 645, in get
    num = len(clone)
          ^^^^^^^^^^
  File "/Users/arnavshah/Documents/mafiawebsite/.venv/lib/python3.12/site-packages/django/db/models/query.py", line 382, in __len__
    self._fetch_all()
  File "/Users/arnavshah/Documents/mafiawebsite/.venv/lib/python3.12/site-packages/django/db/models/query.py", line 1928, in _fetch_all
    self._result_cache = list(self._iterable_class(self))
                         ^^^^^^^^^^^^^^^^^^^^^^^^^^^^^^^^
  File "/Users/arnavshah/Documents/mafiawebsite/.venv/lib/python3.12/site-packages/django/db/models/query.py", line 91, in __iter__
    results = compiler.execute_sql(
              ^^^^^^^^^^^^^^^^^^^^^
  File "/Users/arnavshah/Documents/mafiawebsite/.venv/lib/python3.12/site-packages/django/db/models/sql/compiler.py", line 1574, in execute_sql
    cursor.execute(sql, params)
  File "/Users/arnavshah/Documents/mafiawebsite/.venv/lib/python3.12/site-packages/django/db/backends/utils.py", line 122, in execute
    return super().execute(sql, params)
           ^^^^^^^^^^^^^^^^^^^^^^^^^^^^
  File "/Users/arnavshah/Documents/mafiawebsite/.venv/lib/python3.12/site-packages/django/db/backends/utils.py", line 79, in execute
    return self._execute_with_wrappers(
           ^^^^^^^^^^^^^^^^^^^^^^^^^^^^
  File "/Users/arnavshah/Documents/mafiawebsite/.venv/lib/python3.12/site-packages/django/db/backends/utils.py", line 92, in _execute_with_wrappers
    return executor(sql, params, many, context)
           ^^^^^^^^^^^^^^^^^^^^^^^^^^^^^^^^^^^^
  File "/Users/arnavshah/Documents/mafiawebsite/.venv/lib/python3.12/site-packages/django/db/backends/utils.py", line 100, in _execute
    with self.db.wrap_database_errors:
  File "/Users/arnavshah/Documents/mafiawebsite/.venv/lib/python3.12/site-packages/django/db/utils.py", line 91, in __exit__
    raise dj_exc_value.with_traceback(traceback) from exc_value
  File "/Users/arnavshah/Documents/mafiawebsite/.venv/lib/python3.12/site-packages/django/db/backends/utils.py", line 105, in _execute
    return self.cursor.execute(sql, params)
           ^^^^^^^^^^^^^^^^^^^^^^^^^^^^^^^^
django.db.utils.ProgrammingError: relation "django_session" does not exist
LINE 1: ...ession_data", "django_session"."expire_date" FROM "django_se...
                                                             ^

"GET / HTTP/1.1" 500 245140
Not Found: /favicon.ico
"GET /favicon.ico HTTP/1.1" 404 8303
Not Found: /room/XF7LNU/kick/7/
"GET /room/XF7LNU/kick/7/ HTTP/1.1" 404 7602
Not Found: /room/XF7LNU/kick/7/
"GET /room/XF7LNU/kick/7/ HTTP/1.1" 404 7602
Not Found: /room/CUBFQD/players/
"GET /room/CUBFQD/players/ HTTP/1.1" 404 5123
Not Found: /room/CUBFQD/players/
"GET /room/CUBFQD/players/ HTTP/1.1" 404 5123
Not Found: /room/CUBFQD/
"GET /room/CUBFQD/ HTTP/1.1" 404 3944
Not Found: /room/CUBFQD/
"HEAD /room/CUBFQD/ HTTP/1.1" 404 0
Not Found: /favicon.ico
"GET /favicon.ico HTTP/1.1" 404 8303
Not Found: /room/CUBFQD/
"HEAD /room/CUBFQD/ HTTP/1.1" 404 0
Not Found: /room/CUBFQD/
"HEAD /room/CUBFQD/ HTTP/1.1" 404 0
Not Found: /room/CUBFQD/
"HEAD /room/CUBFQD/ HTTP/1.1" 404 0
Not Found: /room/CUBFQD/
"GET /room/CUBFQD/ HTTP/1.1" 404 3944
Not Found: /room/CUBFQD/
"HEAD /room/CUBFQD/ HTTP/1.1" 404 0
Not Found: /room/CUBFQD/
"HEAD /room/CUBFQD/ HTTP/1.1" 404 0
Not Found: /room/CUBFQD/
"GET /room/CUBFQD/ HTTP/1.1" 404 3944
Not Found: /room/CUBFQD/
"HEAD /room/CUBFQD/ HTTP/1.1" 404 0
Not Found: /room/CUBFQD/
"HEAD /room/CUBFQD/ HTTP/1.1" 404 0
Not Found: /room/CUBFQD/
"GET /room/CUBFQD/ HTTP/1.1" 404 3944
Not Found: /room/CUBFQD/
"HEAD /room/CUBFQD/ HTTP/1.1" 404 0
Not Found: /room/CUBFQD/
"HEAD /room/CUBFQD/ HTTP/1.1" 404 0
Not Found: /room/CUBFQD/
"GET /room/CUBFQD/ HTTP/1.1" 404 3944
Not Found: /room/CUBFQD/
"HEAD /room/CUBFQD/ HTTP/1.1" 404 0
Not Found: /room/CUBFQD/
"HEAD /room/CUBFQD/ HTTP/1.1" 404 0
Not Found: /room/CUBFQD/
"GET /room/CUBFQD/ HTTP/1.1" 404 3944
Not Found: /room/CUBFQD/
"HEAD /room/CUBFQD/ HTTP/1.1" 404 0
Not Found: /room/CUBFQD/
Not Found: /room/CUBFQD/
"HEAD /room/CUBFQD/ HTTP/1.1" 404 0
"GET /room/CUBFQD/ HTTP/1.1" 404 3944
Not Found: /room/CUBFQD/
"GET /room/CUBFQD/ HTTP/1.1" 404 3944
Not Found: /room/CUBFQD/
"GET /room/CUBFQD/ HTTP/1.1" 404 3944
Not Found: /room/CUBFQD/
"GET /room/CUBFQD/ HTTP/1.1" 404 3944
Not Found: /room/CUBFQD/
"GET /room/CUBFQD/ HTTP/1.1" 404 3944
Not Found: /room/CUBFQD/
"GET /room/CUBFQD/ HTTP/1.1" 404 3944
Not Found: /room/CUBFQD/
"GET /room/CUBFQD/ HTTP/1.1" 404 3944
Not Found: /room/CUBFQD/
"GET /room/CUBFQD/ HTTP/1.1" 404 3944
Not Found: /room/CUBFQD/
"GET /room/CUBFQD/ HTTP/1.1" 404 3944
Not Found: /room/CUBFQD/
"GET /room/CUBFQD/ HTTP/1.1" 404 3944
Not Found: /room/CUBFQD/
"HEAD /room/CUBFQD/ HTTP/1.1" 404 0
Not Found: /room/CUBFQD/
"HEAD /room/CUBFQD/ HTTP/1.1" 404 0
Not Found: /room/CUBFQD/
"HEAD /room/CUBFQD/ HTTP/1.1" 404 0
